0
the user doesn't found the guess number
4611686018427387903
the user doesn't found the guess number
2305843009213693951
the user doesn't found the guess number
1152921504606846975
the user doesn't found the guess number
576460752303423487
the user doesn't found the guess number
288230376151711743
the user doesn't found the guess number
144115188075855871
the user doesn't found the guess number
72057594037927935
the user doesn't found the guess number
36028797018963967
the user doesn't found the guess number
18014398509481983
the user doesn't found the guess number
9007199254740991
the user doesn't found the guess number
4503599627370495
the user doesn't found the guess number
2251799813685247
the user doesn't found the guess number
1125899906842623
the user doesn't found the guess number
562949953421311
the user doesn't found the guess number
281474976710655
the user doesn't found the guess number
140737488355327
the user doesn't found the guess number
70368744177663
the user doesn't found the guess number
35184372088831
the user doesn't found the guess number
17592186044415
the user doesn't found the guess number
8796093022207
the user doesn't found the guess number
4398046511103
the user doesn't found the guess number
2199023255551
the user doesn't found the guess number
1099511627775
the user doesn't found the guess number
549755813887
the user doesn't found the guess number
274877906943
the user doesn't found the guess number
137438953471
the user doesn't found the guess number
68719476735
the user doesn't found the guess number
34359738367
the user doesn't found the guess number
17179869183
the user doesn't found the guess number
8589934591
the user doesn't found the guess number
4294967295
the user doesn't found the guess number
2147483647
the user doesn't found the guess number
1073741823
the user doesn't found the guess number
536870911
the user doesn't found the guess number
268435455
the user doesn't found the guess number
134217727
the user doesn't found the guess number
67108863
the user doesn't found the guess number
33554431
the user doesn't found the guess number
16777215
the user doesn't found the guess number
8388607
the user doesn't found the guess number
4194303
the user doesn't found the guess number
2097151
the user doesn't found the guess number
1048575
the user doesn't found the guess number
524287
the user doesn't found the guess number
262143
the user doesn't found the guess number
131071
the user doesn't found the guess number
65535
the user doesn't found the guess number
32767
the user doesn't found the guess number
16383
the user doesn't found the guess number
8191
the user doesn't found the guess number
4095
the user doesn't found the guess number
2047
the user doesn't found the guess number
1023
the user doesn't found the guess number
511
the user doesn't found the guess number
255
the user doesn't found the guess number
127
the user doesn't found the guess number
63
the user doesn't found the guess number
95
the user doesn't found the guess number
79
the user doesn't found the guess number
71
the user doesn't found the guess number
67
the user found the guess number
0
the user doesn't found the guess number
4611686018427387903
the user doesn't found the guess number
2305843009213693951
the user doesn't found the guess number
1152921504606846975
the user doesn't found the guess number
576460752303423487
the user doesn't found the guess number
288230376151711743
the user doesn't found the guess number
144115188075855871
the user doesn't found the guess number
72057594037927935
the user doesn't found the guess number
36028797018963967
the user doesn't found the guess number
18014398509481983
the user doesn't found the guess number
9007199254740991
the user doesn't found the guess number
4503599627370495
the user doesn't found the guess number
2251799813685247
the user doesn't found the guess number
1125899906842623
the user doesn't found the guess number
562949953421311
the user doesn't found the guess number
281474976710655
the user doesn't found the guess number
140737488355327
the user doesn't found the guess number
70368744177663
the user doesn't found the guess number
35184372088831
the user doesn't found the guess number
17592186044415
the user doesn't found the guess number
8796093022207
the user doesn't found the guess number
4398046511103
the user doesn't found the guess number
2199023255551
the user doesn't found the guess number
1099511627775
the user doesn't found the guess number
549755813887
the user doesn't found the guess number
274877906943
the user doesn't found the guess number
137438953471
the user doesn't found the guess number
68719476735
the user doesn't found the guess number
34359738367
the user doesn't found the guess number
17179869183
the user doesn't found the guess number
8589934591
the user doesn't found the guess number
4294967295
the user doesn't found the guess number
2147483647
the user doesn't found the guess number
1073741823
the user doesn't found the guess number
536870911
the user doesn't found the guess number
268435455
the user doesn't found the guess number
134217727
the user doesn't found the guess number
67108863
the user doesn't found the guess number
33554431
the user doesn't found the guess number
16777215
the user doesn't found the guess number
8388607
the user doesn't found the guess number
4194303
the user doesn't found the guess number
2097151
the user doesn't found the guess number
1048575
the user doesn't found the guess number
524287
the user doesn't found the guess number
262143
the user doesn't found the guess number
131071
the user doesn't found the guess number
65535
the user doesn't found the guess number
32767
the user doesn't found the guess number
16383
the user doesn't found the guess number
8191
the user doesn't found the guess number
4095
the user doesn't found the guess number
2047
the user doesn't found the guess number
1023
the user doesn't found the guess number
511
the user doesn't found the guess number
255
the user doesn't found the guess number
127
the user doesn't found the guess number
63
the user doesn't found the guess number
95
the user doesn't found the guess number
79
the user doesn't found the guess number
71
the user doesn't found the guess number
67
the user found the guess number
0
the user doesn't found the guess number
4611686018427387903
the user doesn't found the guess number
2305843009213693951
the user doesn't found the guess number
1152921504606846975
the user doesn't found the guess number
576460752303423487
the user doesn't found the guess number
288230376151711743
the user doesn't found the guess number
144115188075855871
the user doesn't found the guess number
72057594037927935
the user doesn't found the guess number
36028797018963967
the user doesn't found the guess number
18014398509481983
the user doesn't found the guess number
9007199254740991
the user doesn't found the guess number
4503599627370495
the user doesn't found the guess number
2251799813685247
the user doesn't found the guess number
1125899906842623
the user doesn't found the guess number
562949953421311
the user doesn't found the guess number
281474976710655
the user doesn't found the guess number
140737488355327
the user doesn't found the guess number
70368744177663
the user doesn't found the guess number
35184372088831
the user doesn't found the guess number
17592186044415
the user doesn't found the guess number
8796093022207
the user doesn't found the guess number
4398046511103
the user doesn't found the guess number
2199023255551
the user doesn't found the guess number
1099511627775
the user doesn't found the guess number
549755813887
the user doesn't found the guess number
274877906943
the user doesn't found the guess number
137438953471
the user doesn't found the guess number
68719476735
the user doesn't found the guess number
34359738367
the user doesn't found the guess number
17179869183
the user doesn't found the guess number
8589934591
the user doesn't found the guess number
4294967295
the user doesn't found the guess number
2147483647
the user doesn't found the guess number
1073741823
the user doesn't found the guess number
536870911
the user doesn't found the guess number
268435455
the user doesn't found the guess number
134217727
the user doesn't found the guess number
67108863
the user doesn't found the guess number
33554431
the user doesn't found the guess number
16777215
the user doesn't found the guess number
8388607
the user doesn't found the guess number
4194303
the user doesn't found the guess number
2097151
the user doesn't found the guess number
1048575
the user doesn't found the guess number
524287
the user doesn't found the guess number
262143
the user doesn't found the guess number
131071
the user doesn't found the guess number
65535
the user doesn't found the guess number
32767
the user doesn't found the guess number
16383
the user doesn't found the guess number
8191
the user doesn't found the guess number
4095
the user doesn't found the guess number
2047
the user doesn't found the guess number
1023
the user doesn't found the guess number
511
the user doesn't found the guess number
255
the user doesn't found the guess number
127
the user doesn't found the guess number
63
the user doesn't found the guess number
95
the user doesn't found the guess number
79
the user doesn't found the guess number
71
the user doesn't found the guess number
67
the user found the guess number
2022-10-10 12:20:53.816 ComputerPlayer 0
2022-10-10 12:20:53.836 Simulation the user doesn't found the guess number
2022-10-10 12:20:53.836 ComputerPlayer 4611686018427387903
2022-10-10 12:20:53.836 Simulation the user doesn't found the guess number
2022-10-10 12:20:53.836 ComputerPlayer 2305843009213693951
2022-10-10 12:20:53.836 Simulation the user doesn't found the guess number
2022-10-10 12:20:53.836 ComputerPlayer 1152921504606846975
2022-10-10 12:20:53.844 Simulation the user doesn't found the guess number
2022-10-10 12:20:53.844 ComputerPlayer 576460752303423487
2022-10-10 12:20:53.844 Simulation the user doesn't found the guess number
2022-10-10 12:20:53.844 ComputerPlayer 288230376151711743
2022-10-10 12:20:53.844 Simulation the user doesn't found the guess number
2022-10-10 12:20:53.844 ComputerPlayer 144115188075855871
2022-10-10 12:20:53.844 Simulation the user doesn't found the guess number
2022-10-10 12:20:53.844 ComputerPlayer 72057594037927935
2022-10-10 12:20:53.844 Simulation the user doesn't found the guess number
2022-10-10 12:20:53.844 ComputerPlayer 36028797018963967
2022-10-10 12:20:53.849 Simulation the user doesn't found the guess number
2022-10-10 12:20:53.849 ComputerPlayer 18014398509481983
2022-10-10 12:20:53.849 Simulation the user doesn't found the guess number
2022-10-10 12:20:53.849 ComputerPlayer 9007199254740991
2022-10-10 12:20:53.849 Simulation the user doesn't found the guess number
2022-10-10 12:20:53.849 ComputerPlayer 4503599627370495
2022-10-10 12:20:53.852 Simulation the user doesn't found the guess number
2022-10-10 12:20:53.853 ComputerPlayer 2251799813685247
2022-10-10 12:20:53.853 Simulation the user doesn't found the guess number
2022-10-10 12:20:53.853 ComputerPlayer 1125899906842623
2022-10-10 12:20:53.853 Simulation the user doesn't found the guess number
2022-10-10 12:20:53.853 ComputerPlayer 562949953421311
2022-10-10 12:20:53.855 Simulation the user doesn't found the guess number
2022-10-10 12:20:53.855 ComputerPlayer 281474976710655
2022-10-10 12:20:53.855 Simulation the user doesn't found the guess number
2022-10-10 12:20:53.856 ComputerPlayer 140737488355327
2022-10-10 12:20:53.856 Simulation the user doesn't found the guess number
2022-10-10 12:20:53.856 ComputerPlayer 70368744177663
2022-10-10 12:20:53.856 Simulation the user doesn't found the guess number
2022-10-10 12:20:53.856 ComputerPlayer 35184372088831
2022-10-10 12:20:53.859 Simulation the user doesn't found the guess number
2022-10-10 12:20:53.859 ComputerPlayer 17592186044415
2022-10-10 12:20:53.860 Simulation the user doesn't found the guess number
2022-10-10 12:20:53.861 ComputerPlayer 8796093022207
2022-10-10 12:20:53.861 Simulation the user doesn't found the guess number
2022-10-10 12:20:53.862 ComputerPlayer 4398046511103
2022-10-10 12:20:53.862 Simulation the user doesn't found the guess number
2022-10-10 12:20:53.863 ComputerPlayer 2199023255551
2022-10-10 12:20:53.863 Simulation the user doesn't found the guess number
2022-10-10 12:20:53.863 ComputerPlayer 1099511627775
2022-10-10 12:20:53.864 Simulation the user doesn't found the guess number
2022-10-10 12:20:53.864 ComputerPlayer 549755813887
2022-10-10 12:20:53.866 Simulation the user doesn't found the guess number
2022-10-10 12:20:53.866 ComputerPlayer 274877906943
2022-10-10 12:20:53.867 Simulation the user doesn't found the guess number
2022-10-10 12:20:53.867 ComputerPlayer 137438953471
2022-10-10 12:20:53.868 Simulation the user doesn't found the guess number
2022-10-10 12:20:53.868 ComputerPlayer 68719476735
2022-10-10 12:20:53.869 Simulation the user doesn't found the guess number
2022-10-10 12:20:53.869 ComputerPlayer 34359738367
2022-10-10 12:20:53.869 Simulation the user doesn't found the guess number
2022-10-10 12:20:53.870 ComputerPlayer 17179869183
2022-10-10 12:20:53.870 Simulation the user doesn't found the guess number
2022-10-10 12:20:53.871 ComputerPlayer 8589934591
2022-10-10 12:20:53.872 Simulation the user doesn't found the guess number
2022-10-10 12:20:53.872 ComputerPlayer 4294967295
2022-10-10 12:20:53.872 Simulation the user doesn't found the guess number
2022-10-10 12:20:53.873 ComputerPlayer 2147483647
2022-10-10 12:20:53.873 Simulation the user doesn't found the guess number
2022-10-10 12:20:53.873 ComputerPlayer 1073741823
2022-10-10 12:20:53.874 Simulation the user doesn't found the guess number
2022-10-10 12:20:53.874 ComputerPlayer 536870911
2022-10-10 12:20:53.874 Simulation the user doesn't found the guess number
2022-10-10 12:20:53.876 ComputerPlayer 268435455
2022-10-10 12:20:53.876 Simulation the user doesn't found the guess number
2022-10-10 12:20:53.877 ComputerPlayer 134217727
2022-10-10 12:20:53.877 Simulation the user doesn't found the guess number
2022-10-10 12:20:53.877 ComputerPlayer 67108863
2022-10-10 12:20:53.878 Simulation the user doesn't found the guess number
2022-10-10 12:20:53.878 ComputerPlayer 33554431
2022-10-10 12:20:53.878 Simulation the user doesn't found the guess number
2022-10-10 12:20:53.879 ComputerPlayer 16777215
2022-10-10 12:20:53.879 Simulation the user doesn't found the guess number
2022-10-10 12:20:53.880 ComputerPlayer 8388607
2022-10-10 12:20:53.880 Simulation the user doesn't found the guess number
2022-10-10 12:20:53.881 ComputerPlayer 4194303
2022-10-10 12:20:53.881 Simulation the user doesn't found the guess number
2022-10-10 12:20:53.881 ComputerPlayer 2097151
2022-10-10 12:20:53.882 Simulation the user doesn't found the guess number
2022-10-10 12:20:53.882 ComputerPlayer 1048575
2022-10-10 12:20:53.883 Simulation the user doesn't found the guess number
2022-10-10 12:20:53.883 ComputerPlayer 524287
2022-10-10 12:20:53.884 Simulation the user doesn't found the guess number
2022-10-10 12:20:53.884 ComputerPlayer 262143
2022-10-10 12:20:53.885 Simulation the user doesn't found the guess number
2022-10-10 12:20:53.885 ComputerPlayer 131071
2022-10-10 12:20:53.886 Simulation the user doesn't found the guess number
2022-10-10 12:20:53.886 ComputerPlayer 65535
2022-10-10 12:20:53.886 Simulation the user doesn't found the guess number
2022-10-10 12:20:53.887 ComputerPlayer 32767
2022-10-10 12:20:53.888 Simulation the user doesn't found the guess number
2022-10-10 12:20:53.888 ComputerPlayer 16383
2022-10-10 12:20:53.888 Simulation the user doesn't found the guess number
2022-10-10 12:20:53.889 ComputerPlayer 8191
2022-10-10 12:20:53.889 Simulation the user doesn't found the guess number
2022-10-10 12:20:53.890 ComputerPlayer 4095
2022-10-10 12:20:53.890 Simulation the user doesn't found the guess number
2022-10-10 12:20:53.890 ComputerPlayer 2047
2022-10-10 12:20:53.891 Simulation the user doesn't found the guess number
2022-10-10 12:20:53.892 ComputerPlayer 1023
2022-10-10 12:20:53.893 Simulation the user doesn't found the guess number
2022-10-10 12:20:53.893 ComputerPlayer 511
2022-10-10 12:20:53.893 Simulation the user doesn't found the guess number
2022-10-10 12:20:53.893 ComputerPlayer 255
2022-10-10 12:20:53.894 Simulation the user doesn't found the guess number
2022-10-10 12:20:53.894 ComputerPlayer 127
2022-10-10 12:20:53.894 Simulation the user doesn't found the guess number
2022-10-10 12:20:53.895 ComputerPlayer 63
2022-10-10 12:20:53.895 Simulation the user doesn't found the guess number
2022-10-10 12:20:53.895 ComputerPlayer 95
2022-10-10 12:20:53.895 Simulation the user doesn't found the guess number
2022-10-10 12:20:53.896 ComputerPlayer 79
2022-10-10 12:20:53.896 Simulation the user doesn't found the guess number
2022-10-10 12:20:53.896 ComputerPlayer 71
2022-10-10 12:20:53.896 Simulation the user doesn't found the guess number
2022-10-10 12:20:53.898 ComputerPlayer 67
2022-10-10 12:20:53.898 Simulation the user found the guess number
